<?xml version="1.0" encoding="utf-8"?><testsuites name="pytest tests"><testsuite name="pytest" errors="0" failures="0" skipped="0" tests="18" time="1.109" timestamp="2026-08-07T05:35:33.556671+00:00" hostname="agent-env-2e58c741-3bfe-46f5-8cf6-dcf905694da7"><testcase classname="tests.test_interests.TestSendInterest" name="test_send_to_self_400" time="0.928" /><testcase classname="tests.test_interests.TestSendInterest" name="test_send_to_unknown_404" time="0.003" /><testcase classname="tests.test_interests.TestSendInterest" name="test_send_creates_pending" time="0.003" /><testcase classname="tests.test_interests.TestSendInterest" name="test_send_idempotent" time="0.005" /><testcase classname="tests.test_interests.TestListInterests" name="test_sent_includes_to_user" time="0.003" /><testcase classname="tests.test_interests.TestListInterests" name="test_received_from_recipient_side" time="0.003" /><testcase classname="tests.test_interests.TestStatus" name="test_status_pending_sent" time="0.002" /><testcase classname="tests.test_interests.TestStatus" name="test_status_pending_received" time="0.002" /><testcase classname="tests.test_interests.TestStatus" name="test_status_none" time="0.002" /><testcase classname="tests.test_interests.TestRespond" name="test_wrong_recipient_403" time="0.005" /><testcase classname="tests.test_interests.TestRespond" name="test_invalid_action_400" time="0.004" /><testcase classname="tests.test_interests.TestRespond" name="test_accept_ok" time="0.005" /><testcase classname="tests.test_interests.TestRespond" name="test_respond_after_accept_400" time="0.004" /><testcase classname="tests.test_interests.TestContactUnlock" name="test_profile_detail_unlocked_both_directions" time="0.006" /><testcase classname="tests.test_interests.TestContactUnlock" name="test_search_reveals_contact_only_for_accepted" time="0.004" /><testcase classname="tests.test_interests.TestContactUnlock" name="test_recommendations_interest_field" time="0.003" /><testcase classname="tests.test_interests.TestContactUnlock" name="test_pending_keeps_contact_hidden" time="0.006" /><testcase classname="tests.test_interests.TestContactUnlock" name="test_declined_keeps_contact_hidden" time="0.010" /></testsuite></testsuites>