<?xml version="1.0" encoding="utf-8"?><testsuites name="pytest tests"><testsuite name="pytest" errors="0" failures="0" skipped="0" tests="15" time="2.684" timestamp="2026-08-07T05:17:47.838520+00:00" hostname="agent-env-2e58c741-3bfe-46f5-8cf6-dcf905694da7"><testcase classname="tests.backend_test.TestAuth" name="test_login_returns_token_and_user" time="0.480" /><testcase classname="tests.backend_test.TestPhotos" name="test_upload_first_photo" time="0.919" /><testcase classname="tests.backend_test.TestAuth" name="test_login_bad_password" time="0.436" /><testcase classname="tests.backend_test.TestAuth" name="test_me_requires_auth" time="0.003" /><testcase classname="tests.backend_test.TestPhotos" name="test_upload_more_and_max_limit" time="0.725" /><testcase classname="tests.backend_test.TestAuth" name="test_me_with_bearer" time="0.401" /><testcase classname="tests.backend_test.TestProfile" name="test_update_profile_whitelisted_fields" time="0.314" /><testcase classname="tests.backend_test.TestProfile" name="test_completion_returns_percentage" time="0.003" /><testcase classname="tests.backend_test.TestRecommendations" name="test_recommendations_returns_opposite_gender_scored" time="0.004" /><testcase classname="tests.backend_test.TestPhotos" name="test_set_primary_and_delete" time="0.236" /><testcase classname="tests.backend_test.TestPrivacy" name="test_privacy_hides_contact_from_other_viewer" time="0.233" /><testcase classname="tests.backend_test.TestSearch" name="test_search_default_returns_results" time="0.005" /><testcase classname="tests.backend_test.TestBlocking" name="test_block_and_unblock_flow" time="0.017" /><testcase classname="tests.backend_test.TestSearch" name="test_search_filters" time="0.004" /><testcase classname="tests.backend_test.TestDeleteAccount" name="test_register_then_delete_me" time="0.265" /></testsuite></testsuites>