<?xml version="1.0" encoding="utf-8"?><testsuites name="pytest tests"><testsuite name="pytest" errors="0" failures="0" skipped="0" tests="3" time="1.240" timestamp="2026-08-07T04:12:39.359151+00:00" hostname="agent-env-2e58c741-3bfe-46f5-8cf6-dcf905694da7"><testcase classname="tests.backend_test" name="test_health_or_root" time="0.004" /><testcase classname="tests.backend_test" name="test_admin_login" time="0.227" /><testcase classname="tests.backend_test" name="test_register_and_login_flow" time="0.459" /></testsuite></testsuites>